<?xml version="1.0" encoding="UTF-8"?>
<!-- Generated by org.testng.reporters.JUnitReportReporter -->
<testsuite hostname="Vibhors-MacBook-Pro.local" name="com.veterinarians.com.VeterinariansAppTests" tests="5" failures="0" timestamp="26 Nov 2017 09:10:10 GMT" time="10.104" errors="0">
  <testcase name="testIfImagePresentOnHomePage" time="0.320" classname="com.veterinarians.com.VeterinariansAppTests"/>
  <testcase name="testAllOwnersInApp" time="1.156" classname="com.veterinarians.com.VeterinariansAppTests"/>
  <testcase name="testAddNewOwnerAndPet" time="5.940" classname="com.veterinarians.com.VeterinariansAppTests"/>
  <testcase name="testOwnerAndPetAddedDetails" time="1.253" classname="com.veterinarians.com.VeterinariansAppTests"/>
  <testcase name="testAllVeterinariansInApp" time="1.435" classname="com.veterinarians.com.VeterinariansAppTests"/>
</testsuite> <!-- com.veterinarians.com.VeterinariansAppTests -->
